Fetched 1 events from Legistar
Wrote cities/matsu/matsu_borough_assembly.ics
2026-03-08 05:13:33,758 - INFO - Scraping Mat-Su Convention & Visitors Bureau
2026-03-08 05:13:33,770 - INFO - Fetching RSS from https://www.alaskavisit.com/event/rss/
2026-03-08 05:13:33,900 - INFO - Found 30 event URLs in RSS
2026-03-08 05:13:39,062 - INFO -   + The Voyage of the Alaska Union with Mr. White Keys! (2026-03-09)
2026-03-08 05:13:40,889 - INFO -   + Command Men’s Event (2026-03-13)
2026-03-08 05:13:42,837 - INFO -   + Weekend Ramble: Hike Matanuska Greenbelt Farm Trails (2026-03-14)
2026-03-08 05:13:43,768 - INFO -   + A St. Patrick's Day Celebration (2026-03-15)
2026-03-08 05:13:44,669 - INFO -   + Free Family Winter Fun Day on Lake Lucille (2026-03-15)
2026-03-08 05:13:45,380 - INFO -   + Mat-Su Stories through the Eyes of an Archeologist with Fran Seager-Boss (2026-03-16)
2026-03-08 05:13:46,334 - INFO -   + 50ish and Over Hike: Moose Range from Yarrow Road (2026-03-17)
2026-03-08 05:13:47,100 - INFO -   + Family Free Activity Day: Snack Superheroes (2026-03-18)
2026-03-08 05:13:47,815 - INFO -   + Black Wolf Endurance 2026 Race Calendar (2026-03-21)
2026-03-08 05:13:48,763 - INFO -   + Special Olympics in the Mat-Su Spaghetti Dinner and Auction (2026-03-21)
2026-03-08 05:13:49,688 - INFO -   + Third Saturday Adventure: Sunrise Butte Hike (2026-03-21)
2026-03-08 05:13:50,436 - INFO -   + Fat Tire Bike Ride: Moose Range (2026-03-25)
2026-03-08 05:13:51,191 - INFO -   + Free Quarterly Community Hike: Dew Mound &#8211; Sponsored by Now Health (2026-03-28)
2026-03-08 05:13:51,910 - INFO -   + The Beat of Us Welcome Reception at Susitna Brewing Company (2026-04-01)
2026-03-08 05:13:52,964 - INFO -   + The Beat of Us Community Meet & Greet at Band of Brothers (2026-04-02)
2026-03-08 05:13:54,819 - INFO -   + Organic Gardening: Build Your Soil's Mineral Bank (2026-04-07)
2026-03-08 05:13:55,556 - INFO -   + Mat-Su College Sumo Robotics Competition (2026-04-11)
2026-03-08 05:13:56,385 - INFO -   + Speaker Series: Presentation with Mary Gianotti (2026-04-13)
2026-03-08 05:13:57,310 - INFO -   + Organic Gardening: Build Your Soil's Microbe Bank (2026-04-14)
2026-03-08 05:14:00,096 - INFO -   + Mat-Su Outdoorsman Show (2026-04-17)
2026-03-08 05:14:00,096 - INFO - Scraped 20 future events from alaskavisit.com
2026-03-08 05:14:00,097 - INFO - Filtered 4 events beyond 1 months out
2026-03-08 05:14:00,097 - INFO - Found 16 events
2026-03-08 05:14:00,100 - INFO - Written to cities/matsu/alaskavisit.ics
